0 info it worked if it ends with ok
1 verbose cli [ '/usr/local/bin/node',
1 verbose cli   '/usr/local/lib/node_modules/npm/bin/npm-cli.js',
1 verbose cli   'run',
1 verbose cli   'complie' ]
2 info using npm@3.10.10
3 info using node@v7.3.0
4 verbose run-script [ 'precomplie', 'complie', 'postcomplie' ]
5 info lifecycle node-coolq@2.1.0~precomplie: node-coolq@2.1.0
6 silly lifecycle node-coolq@2.1.0~precomplie: no script for precomplie, continuing
7 info lifecycle node-coolq@2.1.0~complie: node-coolq@2.1.0
8 verbose lifecycle node-coolq@2.1.0~complie: unsafe-perm in lifecycle true
9 verbose lifecycle node-coolq@2.1.0~complie: PATH: /usr/local/lib/node_modules/npm/bin/node-gyp-bin:/Users/haozi/Desktop/work/kuQforNodeJSPlugin/node_modules/.bin:/usr/local/bin:/usr/bin:/bin:/usr/sbin:/sbin:/opt/X11/bin:/usr/local/aria2/bin:/Applications/Wireshark.app/Contents/MacOS
10 verbose lifecycle node-coolq@2.1.0~complie: CWD: /Users/haozi/Desktop/work/kuQforNodeJSPlugin
11 silly lifecycle node-coolq@2.1.0~complie: Args: [ '-c', 'tsc --lib ES7' ]
12 silly lifecycle node-coolq@2.1.0~complie: Returned: code: 2  signal: null
13 info lifecycle node-coolq@2.1.0~complie: Failed to exec complie script
14 verbose stack Error: node-coolq@2.1.0 complie: `tsc --lib ES7`
14 verbose stack Exit status 2
14 verbose stack     at EventEmitter.<anonymous> (/usr/local/lib/node_modules/npm/lib/utils/lifecycle.js:255:16)
14 verbose stack     at emitTwo (events.js:106:13)
14 verbose stack     at EventEmitter.emit (events.js:191:7)
14 verbose stack     at ChildProcess.<anonymous> (/usr/local/lib/node_modules/npm/lib/utils/spawn.js:40:14)
14 verbose stack     at emitTwo (events.js:106:13)
14 verbose stack     at ChildProcess.emit (events.js:191:7)
14 verbose stack     at maybeClose (internal/child_process.js:885:16)
14 verbose stack     at Process.ChildProcess._handle.onexit (internal/child_process.js:226:5)
15 verbose pkgid node-coolq@2.1.0
16 verbose cwd /Users/haozi/Desktop/work/kuQforNodeJSPlugin
17 error Darwin 16.5.0
18 error argv "/usr/local/bin/node" "/usr/local/lib/node_modules/npm/bin/npm-cli.js" "run" "complie"
19 error node v7.3.0
20 error npm  v3.10.10
21 error code ELIFECYCLE
22 error node-coolq@2.1.0 complie: `tsc --lib ES7`
22 error Exit status 2
23 error Failed at the node-coolq@2.1.0 complie script 'tsc --lib ES7'.
23 error Make sure you have the latest version of node.js and npm installed.
23 error If you do, this is most likely a problem with the node-coolq package,
23 error not with npm itself.
23 error Tell the author that this fails on your system:
23 error     tsc --lib ES7
23 error You can get information on how to open an issue for this project with:
23 error     npm bugs node-coolq
23 error Or if that isn't available, you can get their info via:
23 error     npm owner ls node-coolq
23 error There is likely additional logging output above.
24 verbose exit [ 1, true ]
